<?xml version="1.0" encoding="UTF-8"?>
<!-- Generated by org.testng.reporters.JUnitXMLReporter -->
<testsuite ignored="1" hostname="LAPTOP-83K3QJ4L" failures="0" tests="1" name="Default test" time="105.215" errors="0" timestamp="04 Apr 2022 07:32:26 GMT">
  <testcase classname="testcases.LoginTest" name="loginwithvalidcred" time="6.667"/>
  <testcase classname="testcases.LoginTest" name="loginPageTitleTest" time="0.0">
    <ignored/>
  </testcase> <!-- loginPageTitleTest -->
</testsuite> <!-- Default test -->
