<?xml version="1.0" encoding="UTF-8"?>
<!-- Generated by org.testng.reporters.JUnitXMLReporter -->
<testsuite ignored="0" hostname="LAPTOP-83K3QJ4L" failures="1" tests="2" name="Test" time="125.081" errors="0" timestamp="04 Apr 2022 06:56:38 GMT">
  <testcase classname="testcases.LoginTest" name="loginwithvalidcred" time="9.786"/>
  <testcase classname="testcases.LoginTest" name="loginPageTitleTest" time="0.247">
    <failure type="java.lang.AssertionError" message="Title doesnot match expected [Login] but found [Logi]">
      <![CDATA[java.lang.AssertionError: Title doesnot match expected [Login] but found [Logi]
	at com.ferno.qa.util.TestUtil.verify_Title(TestUtil.java:203)
	at testcases.LoginTest.loginPageTitleTest(LoginTest.java:51)
... Removed 30 stack frames]]>
    </failure>
  </testcase> <!-- loginPageTitleTest -->
</testsuite> <!-- Test -->
